<?xml version="1.0" encoding="UTF-8"?>
<!-- Generated by org.testng.reporters.JUnitReportReporter -->
<testsuite hostname="DESKTOP-0SH0Q77" failures="0" tests="1" name="testcases.TC002AddNewPayee" time="1.799" errors="0" timestamp="29 Jan. 2022 15:16:08 GMT" skipped="0">
  <testcase classname="testcases.TC002AddNewPayee" name="AddPayee" time="1.799"/>
</testsuite> <!-- testcases.TC002AddNewPayee -->
