<?xml version="1.0" encoding="UTF-8"?>
<!-- Generated by org.testng.reporters.JUnitReportReporter -->
<testsuite hostname="DESKTOP-0SH0Q77" failures="0" tests="1" name="testcases.TC001Login" time="1.785" errors="0" timestamp="29 Jan. 2022 15:16:08 GMT" skipped="0">
  <testcase classname="testcases.TC001Login" name="verifyLogin" time="1.785"/>
</testsuite> <!-- testcases.TC001Login -->
